0 info it worked if it ends with ok
1 verbose cli [ 'C:\\Program Files\\nodejs\\node.exe',
1 verbose cli   'C:\\Program Files\\nodejs\\node_modules\\npm\\bin\\npm-cli.js',
1 verbose cli   'install',
1 verbose cli   'grunt-contib-imagemin' ]
2 info using npm@2.14.12
3 info using node@v4.2.4
4 verbose install initial load of C:\Users\Mazen\Desktop\diseasome\tueviz\package.json
5 warn package.json tueviz@0.0.0 No description
6 warn package.json tueviz@0.0.0 No README data
7 verbose installManyTop reading scoped package data from C:\Users\Mazen\Desktop\diseasome\tueviz\node_modules\express\package.json
8 verbose installManyTop reading scoped package data from C:\Users\Mazen\Desktop\diseasome\tueviz\node_modules\grunt\package.json
9 verbose installManyTop reading scoped package data from C:\Users\Mazen\Desktop\diseasome\tueviz\node_modules\grunt-autoprefixer\package.json
10 verbose installManyTop reading scoped package data from C:\Users\Mazen\Desktop\diseasome\tueviz\node_modules\grunt-concurrent\package.json
11 verbose installManyTop reading scoped package data from C:\Users\Mazen\Desktop\diseasome\tueviz\node_modules\grunt-contrib-clean\package.json
12 verbose installManyTop reading scoped package data from C:\Users\Mazen\Desktop\diseasome\tueviz\node_modules\grunt-contrib-concat\package.json
13 verbose installManyTop reading scoped package data from C:\Users\Mazen\Desktop\diseasome\tueviz\node_modules\grunt-contrib-connect\package.json
14 verbose installManyTop reading scoped package data from C:\Users\Mazen\Desktop\diseasome\tueviz\node_modules\grunt-contrib-copy\package.json
15 verbose installManyTop reading scoped package data from C:\Users\Mazen\Desktop\diseasome\tueviz\node_modules\grunt-contrib-cssmin\package.json
16 verbose installManyTop reading scoped package data from C:\Users\Mazen\Desktop\diseasome\tueviz\node_modules\grunt-contrib-htmlmin\package.json
17 verbose installManyTop reading scoped package data from C:\Users\Mazen\Desktop\diseasome\tueviz\node_modules\grunt-contrib-jshint\package.json
18 verbose installManyTop reading scoped package data from C:\Users\Mazen\Desktop\diseasome\tueviz\node_modules\grunt-contrib-uglify\package.json
19 verbose installManyTop reading scoped package data from C:\Users\Mazen\Desktop\diseasome\tueviz\node_modules\grunt-contrib-watch\package.json
20 verbose installManyTop reading scoped package data from C:\Users\Mazen\Desktop\diseasome\tueviz\node_modules\grunt-filerev\package.json
21 verbose installManyTop reading scoped package data from C:\Users\Mazen\Desktop\diseasome\tueviz\node_modules\grunt-google-cdn\package.json
22 verbose installManyTop reading scoped package data from C:\Users\Mazen\Desktop\diseasome\tueviz\node_modules\grunt-karma\package.json
23 verbose installManyTop reading scoped package data from C:\Users\Mazen\Desktop\diseasome\tueviz\node_modules\grunt-newer\package.json
24 verbose installManyTop reading scoped package data from C:\Users\Mazen\Desktop\diseasome\tueviz\node_modules\grunt-ng-annotate\package.json
25 verbose installManyTop reading scoped package data from C:\Users\Mazen\Desktop\diseasome\tueviz\node_modules\grunt-svgmin\package.json
26 verbose installManyTop reading scoped package data from C:\Users\Mazen\Desktop\diseasome\tueviz\node_modules\grunt-usemin\package.json
27 verbose installManyTop reading scoped package data from C:\Users\Mazen\Desktop\diseasome\tueviz\node_modules\grunt-wiredep\package.json
28 verbose installManyTop reading scoped package data from C:\Users\Mazen\Desktop\diseasome\tueviz\node_modules\gzippo\package.json
29 verbose installManyTop reading scoped package data from C:\Users\Mazen\Desktop\diseasome\tueviz\node_modules\jasmine-core\package.json
30 verbose installManyTop reading scoped package data from C:\Users\Mazen\Desktop\diseasome\tueviz\node_modules\jshint-stylish\package.json
31 verbose installManyTop reading scoped package data from C:\Users\Mazen\Desktop\diseasome\tueviz\node_modules\karma\package.json
32 verbose installManyTop reading scoped package data from C:\Users\Mazen\Desktop\diseasome\tueviz\node_modules\karma-jasmine\package.json
33 verbose installManyTop reading scoped package data from C:\Users\Mazen\Desktop\diseasome\tueviz\node_modules\karma-phantomjs-launcher\package.json
34 verbose installManyTop reading scoped package data from C:\Users\Mazen\Desktop\diseasome\tueviz\node_modules\load-grunt-tasks\package.json
35 verbose installManyTop reading scoped package data from C:\Users\Mazen\Desktop\diseasome\tueviz\node_modules\morgan\package.json
36 verbose installManyTop reading scoped package data from C:\Users\Mazen\Desktop\diseasome\tueviz\node_modules\phantomjs\package.json
37 verbose installManyTop reading scoped package data from C:\Users\Mazen\Desktop\diseasome\tueviz\node_modules\time-grunt\package.json
38 info package.json grunt@0.4.5 No license field.
39 info package.json grunt-contrib-watch@0.6.1 No license field.
40 info package.json grunt-concurrent@0.5.0 No license field.
41 info package.json grunt-contrib-clean@0.5.0 No license field.
42 info package.json grunt-contrib-concat@0.4.0 No license field.
43 info package.json grunt-contrib-copy@0.5.0 No license field.
44 info package.json grunt-contrib-connect@0.7.1 No license field.
45 info package.json grunt-contrib-cssmin@0.9.0 No license field.
46 info package.json grunt-contrib-jshint@0.10.0 No license field.
47 info package.json grunt-contrib-uglify@0.4.1 No license field.
48 info package.json grunt-contrib-htmlmin@0.3.0 No license field.
49 info package.json grunt-google-cdn@0.4.3 license should be a valid SPDX license expression
50 info package.json grunt-ng-annotate@0.4.0 No license field.
51 info package.json grunt-filerev@0.2.1 No license field.
52 info package.json grunt-svgmin@0.4.0 No license field.
53 info package.json grunt-wiredep@1.9.0 No license field.
54 info package.json gzippo@0.2.0 No license field.
55 info package.json grunt-newer@0.7.0 No license field.
56 verbose readDependencies loading dependencies from C:\Users\Mazen\Desktop\diseasome\tueviz\package.json
57 silly cache add args [ 'grunt-contib-imagemin', null ]
58 verbose cache add spec grunt-contib-imagemin
59 silly cache add parsed spec Result {
59 silly cache add   raw: 'grunt-contib-imagemin',
59 silly cache add   scope: null,
59 silly cache add   name: 'grunt-contib-imagemin',
59 silly cache add   rawSpec: '',
59 silly cache add   spec: 'latest',
59 silly cache add   type: 'tag' }
60 silly addNamed grunt-contib-imagemin@latest
61 verbose addNamed "latest" is being treated as a dist-tag for grunt-contib-imagemin
62 info addNameTag [ 'grunt-contib-imagemin', 'latest' ]
63 silly mapToRegistry name grunt-contib-imagemin
64 silly mapToRegistry using default registry
65 silly mapToRegistry registry https://registry.npmjs.org/
66 silly mapToRegistry uri https://registry.npmjs.org/grunt-contib-imagemin
67 verbose addNameTag registry:https://registry.npmjs.org/grunt-contib-imagemin not in flight; fetching
68 verbose request uri https://registry.npmjs.org/grunt-contib-imagemin
69 verbose request no auth needed
70 info attempt registry request try #1 at 11:12:13 PM
71 verbose request id 8117aaf4ec4ead68
72 http request GET https://registry.npmjs.org/grunt-contib-imagemin
73 http 404 https://registry.npmjs.org/grunt-contib-imagemin
74 verbose headers { 'content-type': 'application/json',
74 verbose headers   'cache-control': 'max-age=0',
74 verbose headers   'content-length': '2',
74 verbose headers   'accept-ranges': 'bytes',
74 verbose headers   date: 'Wed, 13 Jan 2016 22:12:15 GMT',
74 verbose headers   via: '1.1 varnish',
74 verbose headers   age: '0',
74 verbose headers   connection: 'keep-alive',
74 verbose headers   'x-served-by': 'cache-ams4146-AMS',
74 verbose headers   'x-cache': 'MISS',
74 verbose headers   'x-cache-hits': '0',
74 verbose headers   'x-timer': 'S1452723135.491515,VS0,VE172' }
75 silly get cb [ 404,
75 silly get   { 'content-type': 'application/json',
75 silly get     'cache-control': 'max-age=0',
75 silly get     'content-length': '2',
75 silly get     'accept-ranges': 'bytes',
75 silly get     date: 'Wed, 13 Jan 2016 22:12:15 GMT',
75 silly get     via: '1.1 varnish',
75 silly get     age: '0',
75 silly get     connection: 'keep-alive',
75 silly get     'x-served-by': 'cache-ams4146-AMS',
75 silly get     'x-cache': 'MISS',
75 silly get     'x-cache-hits': '0',
75 silly get     'x-timer': 'S1452723135.491515,VS0,VE172' } ]
76 verbose stack Error: Registry returned 404 for GET on https://registry.npmjs.org/grunt-contib-imagemin
76 verbose stack     at makeError (C:\Program Files\nodejs\node_modules\npm\node_modules\npm-registry-client\lib\request.js:264:12)
76 verbose stack     at CachingRegistryClient.<anonymous> (C:\Program Files\nodejs\node_modules\npm\node_modules\npm-registry-client\lib\request.js:242:14)
76 verbose stack     at Request._callback (C:\Program Files\nodejs\node_modules\npm\node_modules\npm-registry-client\lib\request.js:172:14)
76 verbose stack     at Request.self.callback (C:\Program Files\nodejs\node_modules\npm\node_modules\request\request.js:198:22)
76 verbose stack     at emitTwo (events.js:87:13)
76 verbose stack     at Request.emit (events.js:172:7)
76 verbose stack     at Request.<anonymous> (C:\Program Files\nodejs\node_modules\npm\node_modules\request\request.js:1082:10)
76 verbose stack     at emitOne (events.js:82:20)
76 verbose stack     at Request.emit (events.js:169:7)
76 verbose stack     at IncomingMessage.<anonymous> (C:\Program Files\nodejs\node_modules\npm\node_modules\request\request.js:1009:12)
77 verbose statusCode 404
78 verbose pkgid grunt-contib-imagemin
79 verbose cwd C:\Users\Mazen\Desktop\diseasome\tueviz
80 error Windows_NT 6.1.7601
81 error argv "C:\\Program Files\\nodejs\\node.exe" "C:\\Program Files\\nodejs\\node_modules\\npm\\bin\\npm-cli.js" "install" "grunt-contib-imagemin"
82 error node v4.2.4
83 error npm  v2.14.12
84 error code E404
85 error 404 Registry returned 404 for GET on https://registry.npmjs.org/grunt-contib-imagemin
85 error 404
85 error 404 'grunt-contib-imagemin' is not in the npm registry.
85 error 404 You should bug the author to publish it (or use the name yourself!)
85 error 404 It was specified as a dependency of 'tueviz'
85 error 404
85 error 404 Note that you can also install from a
85 error 404 tarball, folder, http url, or git url.
86 verbose exit [ 1, true ]
